#
# A fatal error has been detected by the Java Runtime Environment:
#
#  EXCEPTION_ACCESS_VIOLATION (0xc0000005) at pc=0x000007feea122a98, pid=9288, tid=10140
#
# JRE version: Java(TM) SE Runtime Environment (11.0.4+10) (build 11.0.4+10-LTS)
# Java VM: Java HotSpot(TM) 64-Bit Server VM (11.0.4+10-LTS, mixed mode, tiered, compressed oops, g1 gc, windows-amd64)
# Problematic frame:
# V  [jvm.dll+0x372a98]
#
# No core dump will be written. Minidumps are not enabled by default on client versions of Windows
#
# If you would like to submit a bug report, please visit:
#   http://bugreport.java.com/bugreport/crash.jsp
#

---------------  S U M M A R Y ------------

Command Line: -Dfile.encoding=Cp1252 RestAssured.RestApiDemo

Host: Intel(R) Core(TM)2 Duo CPU     T5550  @ 1.83GHz, 2 cores, 3G,  Windows 7 , 64 bit Build 7601 (6.1.7601.17617)
Time: Sun Apr 19 11:41:28 2020 India Standard Time elapsed time: 10 seconds (0d 0h 0m 10s)

---------------  T H R E A D  ---------------

Current thread (0x000000005fa41000):  JavaThread "C2 CompilerThread0" daemon [_thread_in_native, id=10140, stack(0x0000000060410000,0x0000000060510000)]


Current CompileTask:
C2:  10900 3297       4       groovyjarjarantlr4.v4.runtime.atn.PredictionContext::join (569 bytes)

Stack: [0x0000000060410000,0x0000000060510000],  sp=0x000000006050b808,  free space=1006k
Native frames: (J=compiled Java code, j=interpreted, Vv=VM code, C=native code)
V  [jvm.dll+0x372a98]


siginfo: EXCEPTION_ACCESS_VIOLATION (0xc0000005), writing address 0x000007fe00000000


Register to memory mapping:

RIP=0x000007feea122a98 jvm.dll
RAX=0x000000006050e270 is pointing into the stack for thread: 0x000000005fa41000
RBX=0x0000000000000008 is an unknown value
RCX=0x0000000063fd2c80 points into unknown readable memory: 80 2b fd 63 00 00 00 00
RDX=0x000000006050ef40 is pointing into the stack for thread: 0x000000005fa41000
RSP=0x000000006050b808 is pointing into the stack for thread: 0x000000005fa41000
RBP=0x000000000000033c is an unknown value
RSI=0x0000000061efb4c0 points into unknown readable memory: 00 00 00 00 00 00 00 00
RDI=0x000000006050ba10 is pointing into the stack for thread: 0x000000005fa41000
R8 =0x000000005fa38358 points into unknown readable memory: 00 10 a4 5f 00 00 00 00
R9 =0x000007fe00000000 is an unknown value
R10=0x0000000000000040 is an unknown value
R11=0x0000000061efb4c0 points into unknown readable memory: 00 00 00 00 00 00 00 00
R12=0x0000000063fbfec0 points into unknown readable memory: 30 af ed 61 00 00 00 00
R13=0x0000000063fbff10 points into unknown readable memory: 00 00 00 00 00 00 00 00
R14=0x0000000062748e40 points into unknown readable memory: 70 57 5f ea fe 07 00 00
R15=0x000000001ee1fcb0 points into unknown readable memory: 06 00 00 00 00 00 00 00


Registers:
RAX=0x000000006050e270, RBX=0x0000000000000008, RCX=0x0000000063fd2c80, RDX=0x000000006050ef40
RSP=0x000000006050b808, RBP=0x000000000000033c, RSI=0x0000000061efb4c0, RDI=0x000000006050ba10
R8 =0x000000005fa38358, R9 =0x000007fe00000000, R10=0x0000000000000040, R11=0x0000000061efb4c0
R12=0x0000000063fbfec0, R13=0x0000000063fbff10, R14=0x0000000062748e40, R15=0x000000001ee1fcb0
RIP=0x000007feea122a98, EFLAGS=0x0000000000010202

Top of Stack: (sp=0x000000006050b808)
0x000000006050b808:   000007feea2e7b67 000000006050ba10
0x000000006050b818:   0000000000000528 0000000000000528
0x000000006050b828:   000000006050b860 0000000000000528
0x000000006050b838:   000000001ee1fcb0 0000000063fbfec0
0x000000006050b848:   0000000063fbff10 000000000022bce8
0x000000006050b858:   0000000063fc7ea8 000007feea67afe0
0x000000006050b868:   000000001ee1fcb0 0000000000000040
0x000000006050b878:   0000000063eebb40 0000000062cc4d40
0x000000006050b888:   000000005fa757c0 00000000000003d8
0x000000006050b898:   000000005fa757b0 000000005fa75b98
0x000000006050b8a8:   0000000000000000 000000006050be38
0x000000006050b8b8:   000000006050b9d0 000000006050bd50
0x000000006050b8c8:   000007fee9f592ae 0000000000000000
0x000000006050b8d8:   0000000000000001 00000000625a0fd0
0x000000006050b8e8:   00000000622a6d48 000007feea5f4a00
0x000000006050b8f8:   000000000000000c 0000000000000006 

Instructions: (pc=0x000007feea122a98)
0x000007feea122a78:   00 4c 8b 04 d0 4c 03 c1 49 8b 00 48 8b 90 c8 04
0x000007feea122a88:   00 00 48 8b 82 88 00 00 00 48 8b 88 88 08 00 00
0x000007feea122a98:   49 89 09 49 8b 00 48 8b 88 c8 04 00 00 48 8b 81
0x000007feea122aa8:   88 00 00 00 48 8d 0d f5 3c 6e 00 4c 89 88 88 08 


Stack slot to memory mapping:
stack at sp + 0 slots: 0x000007feea2e7b67 jvm.dll
stack at sp + 1 slots: 0x000000006050ba10 is pointing into the stack for thread: 0x000000005fa41000
stack at sp + 2 slots: 0x0000000000000528 is an unknown value
stack at sp + 3 slots: 0x0000000000000528 is an unknown value
stack at sp + 4 slots: 0x000000006050b860 is pointing into the stack for thread: 0x000000005fa41000
stack at sp + 5 slots: 0x0000000000000528 is an unknown value
stack at sp + 6 slots: 0x000000001ee1fcb0 points into unknown readable memory: 06 00 00 00 00 00 00 00
stack at sp + 7 slots: 0x0000000063fbfec0 points into unknown readable memory: 30 af ed 61 00 00 00 00


---------------  P R O C E S S  ---------------

Threads class SMR info:
_java_thread_list=0x0000000060916b30, length=10, elements={
0x0000000000372000, 0x000000005fa21800, 0x000000005fa2b800, 0x000000005fa3b000,
0x000000005fa3e800, 0x000000005fa41000, 0x000000005fa47800, 0x000000005fa59800,
0x0000000060915000, 0x000000006096a000
}

Java Threads: ( => current thread )
  0x0000000000372000 JavaThread "main" [_thread_in_native, id=5908, stack(0x00000000023a0000,0x00000000024a0000)]
  0x000000005fa21800 JavaThread "Reference Handler" daemon [_thread_blocked, id=9484, stack(0x000000005fee0000,0x000000005ffe0000)]
  0x000000005fa2b800 JavaThread "Finalizer" daemon [_thread_blocked, id=9924, stack(0x000000005fbc0000,0x000000005fcc0000)]
  0x000000005fa3b000 JavaThread "Signal Dispatcher" daemon [_thread_blocked, id=8464, stack(0x0000000060130000,0x0000000060230000)]
  0x000000005fa3e800 JavaThread "Attach Listener" daemon [_thread_blocked, id=10032, stack(0x0000000060240000,0x0000000060340000)]
=>0x000000005fa41000 JavaThread "C2 CompilerThread0" daemon [_thread_in_native, id=10140, stack(0x0000000060410000,0x0000000060510000)]
  0x000000005fa47800 JavaThread "C1 CompilerThread0" daemon [_thread_blocked, id=8072, stack(0x0000000060680000,0x0000000060780000)]
  0x000000005fa59800 JavaThread "Sweeper thread" daemon [_thread_blocked, id=8596, stack(0x00000000607b0000,0x00000000608b0000)]
  0x0000000060915000 JavaThread "Service Thread" daemon [_thread_blocked, id=7476, stack(0x000000005fde0000,0x000000005fee0000)]
  0x000000006096a000 JavaThread "Common-Cleaner" daemon [_thread_blocked, id=1096, stack(0x0000000060530000,0x0000000060630000)]

Other Threads:
  0x000000005f9db000 VMThread "VM Thread" [stack: 0x000000005fce0000,0x000000005fde0000] [id=9788]
  0x000000006095e000 WatcherThread [stack: 0x0000000060da0000,0x0000000060ea0000] [id=7236]
  0x0000000000388800 GCTaskThread "GC Thread#0" [stack: 0x000000001a030000,0x000000001a130000] [id=9620]
  0x0000000060fd9000 GCTaskThread "GC Thread#1" [stack: 0x00000000616a0000,0x00000000617a0000] [id=8240]
  0x00000000003a7800 ConcurrentGCThread "G1 Main Marker" [stack: 0x000000001c970000,0x000000001ca70000] [id=6516]
  0x00000000003aa000 ConcurrentGCThread "G1 Conc#0" [stack: 0x000000001cc20000,0x000000001cd20000] [id=1248]
  0x000000001ed30800 ConcurrentGCThread "G1 Refine#0" [stack: 0x000000001ef20000,0x000000001f020000] [id=5536]
  0x00000000609f9000 ConcurrentGCThread "G1 Refine#1" [stack: 0x0000000061870000,0x0000000061970000] [id=4932]
  0x00000000003e6000 ConcurrentGCThread "G1 Young RemSet Sampling" [stack: 0x000000001f040000,0x000000001f140000] [id=8284]

Threads with active compile tasks:
C2 CompilerThread03297       4       groovyjarjarantlr4.v4.runtime.atn.PredictionContext::join (569 bytes)

VM state:not at safepoint (normal execution)

VM Mutex/Monitor currently owned by a thread: None

Heap address: 0x00000000c0200000, size: 1022 MB, Compressed Oops mode: 32-bit
Narrow klass base: 0x0000000000000000, Narrow klass shift: 0
Compressed class space size: 1073741824 Address: 0x000000001f140000

Heap:
 garbage-first heap   total 110592K, used 29941K [0x00000000c0200000, 0x0000000100000000)
  region size 1024K, 11 young (11264K), 4 survivors (4096K)
 Metaspace       used 31875K, capacity 33155K, committed 33280K, reserved 1079296K
  class space    used 3697K, capacity 4262K, committed 4352K, reserved 1048576K
Heap Regions: E=young(eden), S=young(survivor), O=old, HS=humongous(starts), HC=humongous(continues), CS=collection set, F=free, A=archive, TAMS=top-at-mark-start (previous, next)
|   0|0x00000000c0200000, 0x00000000c0300000, 0x00000000c0300000|100%| O|  |TAMS 0x00000000c0300000, 0x00000000c0200000| Untracked 
|   1|0x00000000c0300000, 0x00000000c0400000, 0x00000000c0400000|100%| O|  |TAMS 0x00000000c0400000, 0x00000000c0300000| Untracked 
|   2|0x00000000c0400000, 0x00000000c0500000, 0x00000000c0500000|100%| O|  |TAMS 0x00000000c0500000, 0x00000000c0400000| Untracked 
|   3|0x00000000c0500000, 0x00000000c0600000, 0x00000000c0600000|100%| O|  |TAMS 0x00000000c0600000, 0x00000000c0500000| Untracked 
|   4|0x00000000c0600000, 0x00000000c0700000, 0x00000000c0700000|100%| O|  |TAMS 0x00000000c0700000, 0x00000000c0600000| Untracked 
|   5|0x00000000c0700000, 0x00000000c0800000, 0x00000000c0800000|100%| O|  |TAMS 0x00000000c0800000, 0x00000000c0700000| Untracked 
|   6|0x00000000c0800000, 0x00000000c0900000, 0x00000000c0900000|100%| O|  |TAMS 0x00000000c0900000, 0x00000000c0800000| Untracked 
|   7|0x00000000c0900000, 0x00000000c0a00000, 0x00000000c0a00000|100%| O|  |TAMS 0x00000000c0a00000, 0x00000000c0900000| Untracked 
|   8|0x00000000c0a00000, 0x00000000c0b00000, 0x00000000c0b00000|100%| O|  |TAMS 0x00000000c0b00000, 0x00000000c0a00000| Untracked 
|   9|0x00000000c0b00000, 0x00000000c0c00000, 0x00000000c0c00000|100%| O|  |TAMS 0x00000000c0c00000, 0x00000000c0b00000| Untracked 
|  10|0x00000000c0c00000, 0x00000000c0d00000, 0x00000000c0d00000|100%| O|  |TAMS 0x00000000c0d00000, 0x00000000c0c00000| Untracked 
|  11|0x00000000c0d00000, 0x00000000c0e00000, 0x00000000c0e00000|100%| O|  |TAMS 0x00000000c0e00000, 0x00000000c0d00000| Untracked 
|  12|0x00000000c0e00000, 0x00000000c0f00000, 0x00000000c0f00000|100%| O|  |TAMS 0x00000000c0f00000, 0x00000000c0e00000| Untracked 
|  13|0x00000000c0f00000, 0x00000000c1000000, 0x00000000c1000000|100%| O|  |TAMS 0x00000000c0f54a00, 0x00000000c0f00000| Untracked 
|  14|0x00000000c1000000, 0x00000000c1100000, 0x00000000c1100000|100%| O|  |TAMS 0x00000000c1000000, 0x00000000c1000000| Untracked 
|  15|0x00000000c1100000, 0x00000000c1200000, 0x00000000c1200000|100%| O|  |TAMS 0x00000000c1100000, 0x00000000c1100000| Untracked 
|  16|0x00000000c1200000, 0x00000000c1300000, 0x00000000c1300000|100%| O|  |TAMS 0x00000000c1200000, 0x00000000c1200000| Untracked 
|  17|0x00000000c1300000, 0x00000000c1400000, 0x00000000c1400000|100%| O|  |TAMS 0x00000000c1300000, 0x00000000c1300000| Untracked 
|  18|0x00000000c1400000, 0x00000000c1500000, 0x00000000c1500000|100%| O|  |TAMS 0x00000000c1400000, 0x00000000c1400000| Untracked 
|  19|0x00000000c1500000, 0x00000000c15e1c00, 0x00000000c1600000| 88%| O|  |TAMS 0x00000000c1500000, 0x00000000c1500000| Untracked 
|  20|0x00000000c1600000, 0x00000000c1600000, 0x00000000c1700000|  0%| F|  |TAMS 0x00000000c1600000, 0x00000000c1600000| Untracked 
|  21|0x00000000c1700000, 0x00000000c1700000, 0x00000000c1800000|  0%| F|  |TAMS 0x00000000c1700000, 0x00000000c1700000| Untracked 
|  22|0x00000000c1800000, 0x00000000c1800000, 0x00000000c1900000|  0%| F|  |TAMS 0x00000000c1800000, 0x00000000c1800000| Untracked 
|  23|0x00000000c1900000, 0x00000000c1900000, 0x00000000c1a00000|  0%| F|  |TAMS 0x00000000c1900000, 0x00000000c1900000| Untracked 
|  24|0x00000000c1a00000, 0x00000000c1a00000, 0x00000000c1b00000|  0%| F|  |TAMS 0x00000000c1a00000, 0x00000000c1a00000| Untracked 
|  25|0x00000000c1b00000, 0x00000000c1b00000, 0x00000000c1c00000|  0%| F|  |TAMS 0x00000000c1b00000, 0x00000000c1b00000| Untracked 
|  26|0x00000000c1c00000, 0x00000000c1c00000, 0x00000000c1d00000|  0%| F|  |TAMS 0x00000000c1c00000, 0x00000000c1c00000| Untracked 
|  27|0x00000000c1d00000, 0x00000000c1d00000, 0x00000000c1e00000|  0%| F|  |TAMS 0x00000000c1d00000, 0x00000000c1d00000| Untracked 
|  28|0x00000000c1e00000, 0x00000000c1e00000, 0x00000000c1f00000|  0%| F|  |TAMS 0x00000000c1e00000, 0x00000000c1e00000| Untracked 
|  29|0x00000000c1f00000, 0x00000000c1f00000, 0x00000000c2000000|  0%| F|  |TAMS 0x00000000c1f00000, 0x00000000c1f00000| Untracked 
|  30|0x00000000c2000000, 0x00000000c2000000, 0x00000000c2100000|  0%| F|  |TAMS 0x00000000c2000000, 0x00000000c2000000| Untracked 
|  31|0x00000000c2100000, 0x00000000c2100000, 0x00000000c2200000|  0%| F|  |TAMS 0x00000000c2100000, 0x00000000c2100000| Untracked 
|  32|0x00000000c2200000, 0x00000000c2200000, 0x00000000c2300000|  0%| F|  |TAMS 0x00000000c2200000, 0x00000000c2200000| Untracked 
|  33|0x00000000c2300000, 0x00000000c2300000, 0x00000000c2400000|  0%| F|  |TAMS 0x00000000c2300000, 0x00000000c2300000| Untracked 
|  34|0x00000000c2400000, 0x00000000c2400000, 0x00000000c2500000|  0%| F|  |TAMS 0x00000000c2400000, 0x00000000c2400000| Untracked 
|  35|0x00000000c2500000, 0x00000000c2500000, 0x00000000c2600000|  0%| F|  |TAMS 0x00000000c2500000, 0x00000000c2500000| Untracked 
|  36|0x00000000c2600000, 0x00000000c2600000, 0x00000000c2700000|  0%| F|  |TAMS 0x00000000c2600000, 0x00000000c2600000| Untracked 
|  37|0x00000000c2700000, 0x00000000c2700000, 0x00000000c2800000|  0%| F|  |TAMS 0x00000000c2700000, 0x00000000c2700000| Untracked 
|  38|0x00000000c2800000, 0x00000000c2800000, 0x00000000c2900000|  0%| F|  |TAMS 0x00000000c2800000, 0x00000000c2800000| Untracked 
|  39|0x00000000c2900000, 0x00000000c295b9c8, 0x00000000c2a00000| 35%| S|CS|TAMS 0x00000000c2900000, 0x00000000c2900000| Complete 
|  40|0x00000000c2a00000, 0x00000000c2b00000, 0x00000000c2b00000|100%| S|CS|TAMS 0x00000000c2a00000, 0x00000000c2a00000| Complete 
|  41|0x00000000c2b00000, 0x00000000c2c00000, 0x00000000c2c00000|100%| S|CS|TAMS 0x00000000c2b00000, 0x00000000c2b00000| Complete 
|  42|0x00000000c2c00000, 0x00000000c2d00000, 0x00000000c2d00000|100%| S|CS|TAMS 0x00000000c2c00000, 0x00000000c2c00000| Complete 
|  43|0x00000000c2d00000, 0x00000000c2d00000, 0x00000000c2e00000|  0%| F|  |TAMS 0x00000000c2d00000, 0x00000000c2d00000| Untracked 
|  44|0x00000000c2e00000, 0x00000000c2e00000, 0x00000000c2f00000|  0%| F|  |TAMS 0x00000000c2e00000, 0x00000000c2e00000| Untracked 
|  45|0x00000000c2f00000, 0x00000000c2f00000, 0x00000000c3000000|  0%| F|  |TAMS 0x00000000c2f00000, 0x00000000c2f00000| Untracked 
|  46|0x00000000c3000000, 0x00000000c3000000, 0x00000000c3100000|  0%| F|  |TAMS 0x00000000c3000000, 0x00000000c3000000| Untracked 
|  47|0x00000000c3100000, 0x00000000c3100000, 0x00000000c3200000|  0%| F|  |TAMS 0x00000000c3100000, 0x00000000c3100000| Untracked 
|  48|0x00000000c3200000, 0x00000000c3200000, 0x00000000c3300000|  0%| F|  |TAMS 0x00000000c3200000, 0x00000000c3200000| Untracked 
|  49|0x00000000c3300000, 0x00000000c3300000, 0x00000000c3400000|  0%| F|  |TAMS 0x00000000c3300000, 0x00000000c3300000| Untracked 
|  50|0x00000000c3400000, 0x00000000c3400000, 0x00000000c3500000|  0%| F|  |TAMS 0x00000000c3400000, 0x00000000c3400000| Untracked 
|  51|0x00000000c3500000, 0x00000000c3500000, 0x00000000c3600000|  0%| F|  |TAMS 0x00000000c3500000, 0x00000000c3500000| Untracked 
|  52|0x00000000c3600000, 0x00000000c3600000, 0x00000000c3700000|  0%| F|  |TAMS 0x00000000c3600000, 0x00000000c3600000| Untracked 
|  53|0x00000000c3700000, 0x00000000c3700000, 0x00000000c3800000|  0%| F|  |TAMS 0x00000000c3700000, 0x00000000c3700000| Untracked 
|  54|0x00000000c3800000, 0x00000000c3800000, 0x00000000c3900000|  0%| F|  |TAMS 0x00000000c3800000, 0x00000000c3800000| Untracked 
|  55|0x00000000c3900000, 0x00000000c3900000, 0x00000000c3a00000|  0%| F|  |TAMS 0x00000000c3900000, 0x00000000c3900000| Untracked 
|  56|0x00000000c3a00000, 0x00000000c3a00000, 0x00000000c3b00000|  0%| F|  |TAMS 0x00000000c3a00000, 0x00000000c3a00000| Untracked 
|  57|0x00000000c3b00000, 0x00000000c3b00000, 0x00000000c3c00000|  0%| F|  |TAMS 0x00000000c3b00000, 0x00000000c3b00000| Untracked 
|  58|0x00000000c3c00000, 0x00000000c3c00000, 0x00000000c3d00000|  0%| F|  |TAMS 0x00000000c3c00000, 0x00000000c3c00000| Untracked 
|  59|0x00000000c3d00000, 0x00000000c3d00000, 0x00000000c3e00000|  0%| F|  |TAMS 0x00000000c3d00000, 0x00000000c3d00000| Untracked 
|  60|0x00000000c3e00000, 0x00000000c3e00000, 0x00000000c3f00000|  0%| F|  |TAMS 0x00000000c3e00000, 0x00000000c3e00000| Untracked 
|  61|0x00000000c3f00000, 0x00000000c3f00000, 0x00000000c4000000|  0%| F|  |TAMS 0x00000000c3f00000, 0x00000000c3f00000| Untracked 
|  62|0x00000000c4000000, 0x00000000c4000000, 0x00000000c4100000|  0%| F|  |TAMS 0x00000000c4000000, 0x00000000c4000000| Untracked 
|  63|0x00000000c4100000, 0x00000000c4100000, 0x00000000c4200000|  0%| F|  |TAMS 0x00000000c4100000, 0x00000000c4100000| Untracked 
|  64|0x00000000c4200000, 0x00000000c4200000, 0x00000000c4300000|  0%| F|  |TAMS 0x00000000c4200000, 0x00000000c4200000| Untracked 
|  65|0x00000000c4300000, 0x00000000c4300000, 0x00000000c4400000|  0%| F|  |TAMS 0x00000000c4300000, 0x00000000c4300000| Untracked 
|  66|0x00000000c4400000, 0x00000000c4400000, 0x00000000c4500000|  0%| F|  |TAMS 0x00000000c4400000, 0x00000000c4400000| Untracked 
|  67|0x00000000c4500000, 0x00000000c4500000, 0x00000000c4600000|  0%| F|  |TAMS 0x00000000c4500000, 0x00000000c4500000| Untracked 
|  68|0x00000000c4600000, 0x00000000c4600000, 0x00000000c4700000|  0%| F|  |TAMS 0x00000000c4600000, 0x00000000c4600000| Untracked 
|  69|0x00000000c4700000, 0x00000000c4700000, 0x00000000c4800000|  0%| F|  |TAMS 0x00000000c4700000, 0x00000000c4700000| Untracked 
|  70|0x00000000c4800000, 0x00000000c4800000, 0x00000000c4900000|  0%| F|  |TAMS 0x00000000c4800000, 0x00000000c4800000| Untracked 
|  71|0x00000000c4900000, 0x00000000c4900000, 0x00000000c4a00000|  0%| F|  |TAMS 0x00000000c4900000, 0x00000000c4900000| Untracked 
|  72|0x00000000c4a00000, 0x00000000c4a00000, 0x00000000c4b00000|  0%| F|  |TAMS 0x00000000c4a00000, 0x00000000c4a00000| Untracked 
|  73|0x00000000c4b00000, 0x00000000c4b00000, 0x00000000c4c00000|  0%| F|  |TAMS 0x00000000c4b00000, 0x00000000c4b00000| Untracked 
|  74|0x00000000c4c00000, 0x00000000c4c00000, 0x00000000c4d00000|  0%| F|  |TAMS 0x00000000c4c00000, 0x00000000c4c00000| Untracked 
|  75|0x00000000c4d00000, 0x00000000c4d00000, 0x00000000c4e00000|  0%| F|  |TAMS 0x00000000c4d00000, 0x00000000c4d00000| Untracked 
|  76|0x00000000c4e00000, 0x00000000c4e00000, 0x00000000c4f00000|  0%| F|  |TAMS 0x00000000c4e00000, 0x00000000c4e00000| Untracked 
|  77|0x00000000c4f00000, 0x00000000c4f00000, 0x00000000c5000000|  0%| F|  |TAMS 0x00000000c4f00000, 0x00000000c4f00000| Untracked 
|  78|0x00000000c5000000, 0x00000000c5000000, 0x00000000c5100000|  0%| F|  |TAMS 0x00000000c5000000, 0x00000000c5000000| Untracked 
|  79|0x00000000c5100000, 0x00000000c5100000, 0x00000000c5200000|  0%| F|  |TAMS 0x00000000c5100000, 0x00000000c5100000| Untracked 
|  80|0x00000000c5200000, 0x00000000c5200000, 0x00000000c5300000|  0%| F|  |TAMS 0x00000000c5200000, 0x00000000c5200000| Untracked 
|  81|0x00000000c5300000, 0x00000000c5300000, 0x00000000c5400000|  0%| F|  |TAMS 0x00000000c5300000, 0x00000000c5300000| Untracked 
|  82|0x00000000c5400000, 0x00000000c5400000, 0x00000000c5500000|  0%| F|  |TAMS 0x00000000c5400000, 0x00000000c5400000| Untracked 
|  83|0x00000000c5500000, 0x00000000c5500000, 0x00000000c5600000|  0%| F|  |TAMS 0x00000000c5500000, 0x00000000c5500000| Untracked 
|  84|0x00000000c5600000, 0x00000000c5600000, 0x00000000c5700000|  0%| F|  |TAMS 0x00000000c5600000, 0x00000000c5600000| Untracked 
|  85|0x00000000c5700000, 0x00000000c5700000, 0x00000000c5800000|  0%| F|  |TAMS 0x00000000c5700000, 0x00000000c5700000| Untracked 
|  86|0x00000000c5800000, 0x00000000c5800000, 0x00000000c5900000|  0%| F|  |TAMS 0x00000000c5800000, 0x00000000c5800000| Untracked 
|  87|0x00000000c5900000, 0x00000000c5900000, 0x00000000c5a00000|  0%| F|  |TAMS 0x00000000c5900000, 0x00000000c5900000| Untracked 
|  88|0x00000000c5a00000, 0x00000000c5a00000, 0x00000000c5b00000|  0%| F|  |TAMS 0x00000000c5a00000, 0x00000000c5a00000| Untracked 
|  89|0x00000000c5b00000, 0x00000000c5b00000, 0x00000000c5c00000|  0%| F|  |TAMS 0x00000000c5b00000, 0x00000000c5b00000| Untracked 
|  90|0x00000000c5c00000, 0x00000000c5c00000, 0x00000000c5d00000|  0%| F|  |TAMS 0x00000000c5c00000, 0x00000000c5c00000| Untracked 
|  91|0x00000000c5d00000, 0x00000000c5d00000, 0x00000000c5e00000|  0%| F|  |TAMS 0x00000000c5d00000, 0x00000000c5d00000| Untracked 
|  92|0x00000000c5e00000, 0x00000000c5e00000, 0x00000000c5f00000|  0%| F|  |TAMS 0x00000000c5e00000, 0x00000000c5e00000| Untracked 
|  93|0x00000000c5f00000, 0x00000000c5f00000, 0x00000000c6000000|  0%| F|  |TAMS 0x00000000c5f00000, 0x00000000c5f00000| Untracked 
|  94|0x00000000c6000000, 0x00000000c6000000, 0x00000000c6100000|  0%| F|  |TAMS 0x00000000c6000000, 0x00000000c6000000| Untracked 
|  95|0x00000000c6100000, 0x00000000c6100000, 0x00000000c6200000|  0%| F|  |TAMS 0x00000000c6100000, 0x00000000c6100000| Untracked 
|  96|0x00000000c6200000, 0x00000000c6200000, 0x00000000c6300000|  0%| F|  |TAMS 0x00000000c6200000, 0x00000000c6200000| Untracked 
|  97|0x00000000c6300000, 0x00000000c6300000, 0x00000000c6400000|  0%| F|  |TAMS 0x00000000c6300000, 0x00000000c6300000| Untracked 
|  98|0x00000000c6400000, 0x00000000c6400000, 0x00000000c6500000|  0%| F|  |TAMS 0x00000000c6400000, 0x00000000c6400000| Untracked 
|  99|0x00000000c6500000, 0x00000000c6500000, 0x00000000c6600000|  0%| F|  |TAMS 0x00000000c6500000, 0x00000000c6500000| Untracked 
| 100|0x00000000c6600000, 0x00000000c6600000, 0x00000000c6700000|  0%| F|  |TAMS 0x00000000c6600000, 0x00000000c6600000| Untracked 
| 101|0x00000000c6700000, 0x00000000c6800000, 0x00000000c6800000|100%| E|  |TAMS 0x00000000c6700000, 0x00000000c6700000| Complete 
| 102|0x00000000c6800000, 0x00000000c6900000, 0x00000000c6900000|100%| E|CS|TAMS 0x00000000c6800000, 0x00000000c6800000| Complete 
| 103|0x00000000c6900000, 0x00000000c6a00000, 0x00000000c6a00000|100%| E|CS|TAMS 0x00000000c6900000, 0x00000000c6900000| Complete 
| 104|0x00000000c6a00000, 0x00000000c6b00000, 0x00000000c6b00000|100%| E|CS|TAMS 0x00000000c6a00000, 0x00000000c6a00000| Complete 
| 105|0x00000000c6b00000, 0x00000000c6c00000, 0x00000000c6c00000|100%| E|CS|TAMS 0x00000000c6b00000, 0x00000000c6b00000| Complete 
| 106|0x00000000c6c00000, 0x00000000c6d00000, 0x00000000c6d00000|100%| E|CS|TAMS 0x00000000c6c00000, 0x00000000c6c00000| Complete 
| 107|0x00000000c6d00000, 0x00000000c6e00000, 0x00000000c6e00000|100%| E|CS|TAMS 0x00000000c6d00000, 0x00000000c6d00000| Complete 

Card table byte_map: [0x000000001a440000,0x000000001a640000] _byte_map_base: 0x0000000019e3f000

Marking Bits (Prev, Next): (CMBitMap*) 0x00000000003a29d0, (CMBitMap*) 0x00000000003a2998
 Prev Bits: [0x000000001b840000, 0x000000001c838000)
 Next Bits: [0x000000001a840000, 0x000000001b838000)

Polling page: 0x0000000000140000

Metaspace:

Usage:
  Non-class:     28.22 MB capacity,    27.56 MB ( 98%) used,   600.29 KB (  2%) free+waste,    75.63 KB ( <1%) overhead. 
      Class:      4.16 MB capacity,     3.61 MB ( 87%) used,   521.98 KB ( 12%) free+waste,    40.75 KB ( <1%) overhead. 
       Both:     32.38 MB capacity,    31.17 MB ( 96%) used,     1.10 MB (  3%) free+waste,   116.38 KB ( <1%) overhead. 

Virtual space:
  Non-class space:       30.00 MB reserved,      28.25 MB ( 94%) committed 
      Class space:        1.00 GB reserved,       4.25 MB ( <1%) committed 
             Both:        1.03 GB reserved,      32.50 MB (  3%) committed 

Chunk freelists:
   Non-Class:  4.38 KB
       Class:  3.25 KB
        Both:  7.63 KB

CodeHeap 'non-profiled nmethods': size=120064Kb used=1287Kb max_used=1287Kb free=118776Kb
 bounds [0x0000000012a40000, 0x0000000012cb0000, 0x0000000019f80000]
CodeHeap 'profiled nmethods': size=120000Kb used=7283Kb max_used=7283Kb free=112717Kb
 bounds [0x000000000b510000, 0x000000000bc30000, 0x0000000012a40000]
CodeHeap 'non-nmethods': size=5696Kb used=2196Kb max_used=2210Kb free=3500Kb
 bounds [0x000000000af80000, 0x000000000b1f0000, 0x000000000b510000]
 total_blobs=4805 nmethods=3364 adapters=676
 compilation: enabled
              stopped_count=0, restarted_count=0
 full_count=0

Compilation events (10 events):
Event: 10.857 Thread 0x000000005fa47800 3333       2       jdk.internal.org.objectweb.asm.ClassWriter::visitEnd (1 bytes)
Event: 10.857 Thread 0x000000005fa47800 nmethod 3333 0x000000000bc1c690 code [0x000000000bc1c840, 0x000000000bc1c998]
Event: 10.882 Thread 0x000000005fa47800 3334       1       org.codehaus.groovy.ast.MethodNode::getParameters (5 bytes)
Event: 10.882 Thread 0x000000005fa47800 nmethod 3334 0x0000000012b7ea10 code [0x0000000012b7ebc0, 0x0000000012b7ecd8]
Event: 10.882 Thread 0x000000005fa47800 3336       1       org.codehaus.groovy.ast.MethodNode::getName (5 bytes)
Event: 10.883 Thread 0x000000005fa47800 nmethod 3336 0x0000000012b7ed90 code [0x0000000012b7ef40, 0x0000000012b7f058]
Event: 10.883 Thread 0x000000005fa47800 3335       2       org.codehaus.groovy.ast.ClassNode::getName (8 bytes)
Event: 10.883 Thread 0x000000005fa47800 nmethod 3335 0x000000000bc1ca10 code [0x000000000bc1cbc0, 0x000000000bc1cd70]
Event: 10.891 Thread 0x000000005fa47800 3337       1       org.codehaus.groovy.ast.AnnotatedNode::getAnnotations (5 bytes)
Event: 10.891 Thread 0x000000005fa47800 nmethod 3337 0x0000000012b7f110 code [0x0000000012b7f2c0, 0x0000000012b7f3d8]

GC Heap History (10 events):
Event: 3.359 GC heap before
{Heap before GC invocations=4 (full 0):
 garbage-first heap   total 65536K, used 30070K [0x00000000c0200000, 0x0000000100000000)
  region size 1024K, 23 young (23552K), 2 survivors (2048K)
 Metaspace       used 17185K, capacity 17540K, committed 17664K, reserved 1064960K
  class space    used 1606K, capacity 1739K, committed 1792K, reserved 1048576K
}
Event: 3.383 GC heap after
{Heap after GC invocations=5 (full 0):
 garbage-first heap   total 79872K, used 10786K [0x00000000c0200000, 0x0000000100000000)
  region size 1024K, 3 young (3072K), 3 survivors (3072K)
 Metaspace       used 17185K, capacity 17540K, committed 17664K, reserved 1064960K
  class space    used 1606K, capacity 1739K, committed 1792K, reserved 1048576K
}
Event: 4.259 GC heap before
{Heap before GC invocations=5 (full 0):
 garbage-first heap   total 79872K, used 35362K [0x00000000c0200000, 0x0000000100000000)
  region size 1024K, 27 young (27648K), 3 survivors (3072K)
 Metaspace       used 18522K, capacity 19206K, committed 19328K, reserved 1067008K
  class space    used 1818K, capacity 2111K, committed 2176K, reserved 1048576K
}
Event: 4.282 GC heap after
{Heap after GC invocations=6 (full 0):
 garbage-first heap   total 79872K, used 13705K [0x00000000c0200000, 0x0000000100000000)
  region size 1024K, 4 young (4096K), 4 survivors (4096K)
 Metaspace       used 18522K, capacity 19206K, committed 19328K, reserved 1067008K
  class space    used 1818K, capacity 2111K, committed 2176K, reserved 1048576K
}
Event: 4.960 GC heap before
{Heap before GC invocations=6 (full 0):
 garbage-first heap   total 79872K, used 35209K [0x00000000c0200000, 0x0000000100000000)
  region size 1024K, 26 young (26624K), 4 survivors (4096K)
 Metaspace       used 20254K, capacity 21082K, committed 21248K, reserved 1069056K
  class space    used 2074K, capacity 2439K, committed 2560K, reserved 1048576K
}
Event: 4.994 GC heap after
{Heap after GC invocations=7 (full 0):
 garbage-first heap   total 79872K, used 16062K [0x00000000c0200000, 0x0000000100000000)
  region size 1024K, 3 young (3072K), 3 survivors (3072K)
 Metaspace       used 20254K, capacity 21082K, committed 21248K, reserved 1069056K
  class space    used 2074K, capacity 2439K, committed 2560K, reserved 1048576K
}
Event: 8.542 GC heap before
{Heap before GC invocations=8 (full 0):
 garbage-first heap   total 79872K, used 43710K [0x00000000c0200000, 0x0000000100000000)
  region size 1024K, 30 young (30720K), 3 survivors (3072K)
 Metaspace       used 27271K, capacity 28334K, committed 28544K, reserved 1075200K
  class space    used 2980K, capacity 3417K, committed 3456K, reserved 1048576K
}
Event: 8.570 GC heap after
{Heap after GC invocations=9 (full 0):
 garbage-first heap   total 79872K, used 20136K [0x00000000c0200000, 0x0000000100000000)
  region size 1024K, 4 young (4096K), 4 survivors (4096K)
 Metaspace       used 27271K, capacity 28334K, committed 28544K, reserved 1075200K
  class space    used 2980K, capacity 3417K, committed 3456K, reserved 1048576K
}
Event: 10.420 GC heap before
{Heap before GC invocations=9 (full 0):
 garbage-first heap   total 79872K, used 50856K [0x00000000c0200000, 0x0000000100000000)
  region size 1024K, 35 young (35840K), 4 survivors (4096K)
 Metaspace       used 30587K, capacity 31803K, committed 32000K, reserved 1077248K
  class space    used 3551K, capacity 4069K, committed 4096K, reserved 1048576K
}
Event: 10.460 GC heap after
{Heap after GC invocations=10 (full 0):
 garbage-first heap   total 110592K, used 23797K [0x00000000c0200000, 0x0000000100000000)
  region size 1024K, 4 young (4096K), 4 survivors (4096K)
 Metaspace       used 30587K, capacity 31803K, committed 32000K, reserved 1077248K
  class space    used 3551K, capacity 4069K, committed 4096K, reserved 1048576K
}

Deoptimization events (10 events):
Event: 7.766 Thread 0x0000000000372000 Uncommon trap: reason=unstable_if action=reinterpret pc=0x0000000012b3ed74 method=jdk.internal.util.ArraysSupport.vectorizedMismatch(Ljava/lang/Object;JLjava/lang/Object;JII)I @ 197 c2
Event: 8.625 Thread 0x0000000000372000 Uncommon trap: reason=bimorphic_or_optimized_type_check action=maybe_recompile pc=0x0000000012b3a9d4 method=java.util.regex.Pattern$Branch.match(Ljava/util/regex/Matcher;ILjava/lang/CharSequence;)Z @ 32 c2
Event: 9.920 Thread 0x0000000000372000 Uncommon trap: reason=class_check action=maybe_recompile pc=0x0000000012aabdd0 method=java.util.HashMap.putVal(ILjava/lang/Object;Ljava/lang/Object;ZZ)Ljava/lang/Object; @ 203 c2
Event: 9.964 Thread 0x0000000000372000 Uncommon trap: reason=unstable_if action=reinterpret pc=0x0000000012b3e418 method=java.lang.Integer.parseInt(Ljava/lang/String;I)I @ 1 c2
Event: 10.079 Thread 0x0000000000372000 Uncommon trap: reason=bimorphic_or_optimized_type_check action=maybe_recompile pc=0x0000000012aabde8 method=java.util.HashMap.putVal(ILjava/lang/Object;Ljava/lang/Object;ZZ)Ljava/lang/Object; @ 91 c2
Event: 10.410 Thread 0x0000000000372000 Uncommon trap: reason=unstable_if action=reinterpret pc=0x0000000012b314f0 method=java.util.HashMap.putVal(ILjava/lang/Object;Ljava/lang/Object;ZZ)Ljava/lang/Object; @ 109 c2
Event: 10.411 Thread 0x0000000000372000 Uncommon trap: reason=unstable_if action=reinterpret pc=0x0000000012b0d720 method=java.util.HashMap.putVal(ILjava/lang/Object;Ljava/lang/Object;ZZ)Ljava/lang/Object; @ 109 c2
Event: 10.465 Thread 0x0000000000372000 Uncommon trap: reason=unstable_if action=reinterpret pc=0x0000000012aa1b5c method=java.util.HashMap.getNode(ILjava/lang/Object;)Ljava/util/HashMap$Node; @ 84 c2
Event: 10.466 Thread 0x0000000000372000 Uncommon trap: reason=unstable_if action=reinterpret pc=0x0000000012aa22ec method=java.util.HashMap.getNode(ILjava/lang/Object;)Ljava/util/HashMap$Node; @ 84 c2
Event: 10.480 Thread 0x0000000000372000 Uncommon trap: reason=unstable_if action=reinterpret pc=0x0000000012aaf7e8 method=java.util.HashMap.resize()[Ljava/util/HashMap$Node; @ 203 c2

Classes redefined (0 events):
No events

Internal exceptions (10 events):
Event: 9.125 Thread 0x0000000000372000 Exception <a 'java/lang/ClassNotFoundException'{0x00000000c3d19060}: groovy/lang/GroovyShellBeanInfo> (0x00000000c3d19060) thrown at [t:/workspace/open/src/hotspot/share/classfile/systemDictionary.cpp, line 231]
Event: 9.126 Thread 0x0000000000372000 Exception <a 'java/lang/ClassNotFoundException'{0x00000000c3d29a38}: groovy/lang/GroovyShellCustomizer> (0x00000000c3d29a38) thrown at [t:/workspace/open/src/hotspot/share/classfile/systemDictionary.cpp, line 231]
Event: 9.407 Thread 0x0000000000372000 Exception <a 'java/lang/NoSuchMethodError'{0x00000000c3d9ece8}: java.lang.invoke.DirectMethodHandle$Holder.invokeVirtual(Ljava/lang/Object;Ljava/lang/Object;)V> (0x00000000c3d9ece8) thrown at [t:/workspace/open/src/hotspot/share/interpreter/linkResolver.c
Event: 9.409 Thread 0x0000000000372000 Exception <a 'java/lang/NoSuchMethodError'{0x00000000c3da67a0}: java.lang.invoke.DirectMethodHandle$Holder.invokeSpecial(Ljava/lang/Object;Ljava/lang/Object;Ljava/lang/Object;Ljava/lang/Object;Ljava/lang/Object;)V> (0x00000000c3da67a0) thrown at [t:/works
Event: 9.472 Thread 0x0000000000372000 Exception <a 'java/lang/NoSuchMethodError'{0x00000000c3c1c6f0}: java.lang.invoke.DirectMethodHandle$Holder.invokeStatic(Ljava/lang/Object;Ljava/lang/Object;Ljava/lang/Object;Ljava/lang/Object;Ljava/lang/Object;Ljava/lang/Object;)V> (0x00000000c3c1c6f0) th
Event: 9.964 Thread 0x0000000000372000 Implicit null exception at 0x0000000012b3e074 to 0x0000000012b3e402
Event: 10.660 Thread 0x0000000000372000 Exception <a 'java/lang/NoSuchMethodError'{0x00000000c6b7c130}: java.lang.invoke.DirectMethodHandle$Holder.invokeStatic(Ljava/lang/Object;ILjava/lang/Object;Ljava/lang/Object;)I> (0x00000000c6b7c130) thrown at [t:/workspace/open/src/hotspot/share/interpre
Event: 10.672 Thread 0x0000000000372000 Exception <a 'java/lang/NoSuchMethodError'{0x00000000c6b98c90}: java.lang.invoke.DirectMethodHandle$Holder.invokeSpecialIFC(Ljava/lang/Object;Ljava/lang/Object;Ljava/lang/Object;)V> (0x00000000c6b98c90) thrown at [t:/workspace/open/src/hotspot/share/inter
Event: 10.725 Thread 0x0000000000372000 Exception <a 'java/lang/NoSuchMethodError'{0x00000000c6bdba10}: java.lang.invoke.DirectMethodHandle$Holder.invokeSpecial(Ljava/lang/Object;Ljava/lang/Object;Ljava/lang/Object;Ljava/lang/Object;Ljava/lang/Object;)I> (0x00000000c6bdba10) thrown at [t:/works
Event: 10.827 Thread 0x0000000000372000 Exception <a 'java/lang/NoSuchMethodError'{0x00000000c6923790}: java.lang.invoke.DirectMethodHandle$Holder.invokeSpecial(Ljava/lang/Object;Ljava/lang/Object;Ljava/lang/Object;Ljava/lang/Object;Ljava/lang/Object;Ljava/lang/Object;)V> (0x00000000c6923790) t

Events (10 events):
Event: 10.887 loading class org/codehaus/groovy/classgen/FinalVariableAnalyzer$VariableState
Event: 10.887 loading class org/codehaus/groovy/classgen/FinalVariableAnalyzer$VariableState done
Event: 10.888 loading class org/codehaus/groovy/control/LabelVerifier
Event: 10.888 loading class org/codehaus/groovy/control/LabelVerifier done
Event: 10.889 loading class org/codehaus/groovy/control/CompilationUnit$3$1
Event: 10.889 loading class org/codehaus/groovy/control/CompilationUnit$3$1 done
Event: 10.890 loading class org/codehaus/groovy/control/InstanceOfVerifier
Event: 10.890 loading class org/codehaus/groovy/control/InstanceOfVerifier done
Event: 10.891 loading class org/codehaus/groovy/classgen/ClassCompletionVerifier
Event: 10.891 loading class org/codehaus/groovy/classgen/ClassCompletionVerifier done


Dynamic libraries:
0x000000013f8b0000 - 0x000000013f8f7000 	C:\Program Files\Java\jdk-11.0.4\bin\javaw.exe
0x0000000077590000 - 0x0000000077739000 	C:\Windows\SYSTEM32\ntdll.dll
0x0000000077370000 - 0x000000007748f000 	C:\Windows\system32\kernel32.dll
0x000007fefd800000 - 0x000007fefd86c000 	C:\Windows\system32\KERNELBASE.dll
0x000007fefe3f0000 - 0x000007fefe4cb000 	C:\Windows\system32\ADVAPI32.dll
0x000007feff800000 - 0x000007feff89f000 	C:\Windows\system32\msvcrt.dll
0x000007fefe050000 - 0x000007fefe06f000 	C:\Windows\SYSTEM32\sechost.dll
0x000007fefe070000 - 0x000007fefe19d000 	C:\Windows\system32\RPCRT4.dll
0x0000000077490000 - 0x000000007758a000 	C:\Windows\system32\USER32.dll
0x000007feff780000 - 0x000007feff7e7000 	C:\Windows\system32\GDI32.dll
0x000007fefdfe0000 - 0x000007fefdfee000 	C:\Windows\system32\LPK.dll
0x000007fefdad0000 - 0x000007fefdb99000 	C:\Windows\system32\USP10.dll
0x000007fefaf60000 - 0x000007fefb154000 	C:\Windows\WinSxS\amd64_microsoft.windows.common-controls_6595b64144ccf1df_6.0.7601.17514_none_fa396087175ac9ac\COMCTL32.dll
0x000007fefe970000 - 0x000007fefe9e1000 	C:\Windows\system32\SHLWAPI.dll
0x000007fefc700000 - 0x000007fefc70c000 	C:\Windows\system32\VERSION.dll
0x000007fefd3b0000 - 0x000007fefd407000 	C:\Windows\system32\apphelp.dll
0x000007fef48a0000 - 0x000007fef48f1000 	C:\Windows\AppPatch\AppPatch64\AcGenral.DLL
0x000007fefd380000 - 0x000007fefd3a5000 	C:\Windows\system32\SspiCli.dll
0x000007fefddd0000 - 0x000007fefdfd3000 	C:\Windows\system32\ole32.dll
0x000007fefe9f0000 - 0x000007feff778000 	C:\Windows\system32\SHELL32.dll
0x0000000071db0000 - 0x0000000071db3000 	C:\Windows\system32\sfc.dll
0x000007fef7250000 - 0x000007fef7260000 	C:\Windows\system32\sfc_os.DLL
0x000007fefc930000 - 0x000007fefc94e000 	C:\Windows\system32\USERENV.dll
0x000007fefd4e0000 - 0x000007fefd4ef000 	C:\Windows\system32\profapi.dll
0x000007fef9ef0000 - 0x000007fef9f08000 	C:\Windows\system32\dwmapi.dll
0x000007fef8fa0000 - 0x000007fef8fb8000 	C:\Windows\system32\MPR.dll
0x000007fefe4d0000 - 0x000007fefe4fe000 	C:\Windows\system32\IMM32.DLL
0x000007fefdc20000 - 0x000007fefdd29000 	C:\Windows\system32\MSCTF.dll
0x000007fef6010000 - 0x000007fef6026000 	C:\Program Files\Java\jdk-11.0.4\bin\vcruntime140.dll
0x000007fef9740000 - 0x000007fef9744000 	C:\Program Files\Java\jdk-11.0.4\bin\api-ms-win-crt-runtime-l1-1-0.dll
0x000007fef0630000 - 0x000007fef0726000 	C:\Program Files\Java\jdk-11.0.4\bin\ucrtbase.DLL
0x000007fef9cc0000 - 0x000007fef9cc3000 	C:\Program Files\Java\jdk-11.0.4\bin\api-ms-win-core-localization-l1-2-0.dll
0x000007fef6040000 - 0x000007fef6043000 	C:\Program Files\Java\jdk-11.0.4\bin\api-ms-win-core-processthreads-l1-1-1.dll
0x000007fef8d20000 - 0x000007fef8d23000 	C:\Program Files\Java\jdk-11.0.4\bin\api-ms-win-core-file-l1-2-0.dll
0x000007fef6030000 - 0x000007fef6033000 	C:\Program Files\Java\jdk-11.0.4\bin\api-ms-win-core-timezone-l1-1-0.dll
0x000007fef5f00000 - 0x000007fef5f03000 	C:\Program Files\Java\jdk-11.0.4\bin\api-ms-win-core-file-l2-1-0.dll
0x000007fef5f10000 - 0x000007fef5f13000 	C:\Program Files\Java\jdk-11.0.4\bin\api-ms-win-core-synch-l1-2-0.dll
0x000007fef5d60000 - 0x000007fef5d64000 	C:\Program Files\Java\jdk-11.0.4\bin\api-ms-win-crt-string-l1-1-0.dll
0x000007fef5e70000 - 0x000007fef5e73000 	C:\Program Files\Java\jdk-11.0.4\bin\api-ms-win-crt-heap-l1-1-0.dll
0x000007fef4650000 - 0x000007fef4654000 	C:\Program Files\Java\jdk-11.0.4\bin\api-ms-win-crt-stdio-l1-1-0.dll
0x000007fef5860000 - 0x000007fef5864000 	C:\Program Files\Java\jdk-11.0.4\bin\api-ms-win-crt-convert-l1-1-0.dll
0x000007feef060000 - 0x000007feef10a000 	C:\Program Files\Java\jdk-11.0.4\bin\msvcp140.dll
0x000007fef4630000 - 0x000007fef4633000 	C:\Program Files\Java\jdk-11.0.4\bin\api-ms-win-crt-locale-l1-1-0.dll
0x000007fef4640000 - 0x000007fef4645000 	C:\Program Files\Java\jdk-11.0.4\bin\api-ms-win-crt-math-l1-1-0.dll
0x000007fef4610000 - 0x000007fef4615000 	C:\Program Files\Java\jdk-11.0.4\bin\api-ms-win-crt-multibyte-l1-1-0.dll
0x000007fef4620000 - 0x000007fef4623000 	C:\Program Files\Java\jdk-11.0.4\bin\api-ms-win-crt-time-l1-1-0.dll
0x000007fef25a0000 - 0x000007fef25a3000 	C:\Program Files\Java\jdk-11.0.4\bin\api-ms-win-crt-filesystem-l1-1-0.dll
0x000007fef2c30000 - 0x000007fef2c33000 	C:\Program Files\Java\jdk-11.0.4\bin\api-ms-win-crt-environment-l1-1-0.dll
0x000007fef2580000 - 0x000007fef2583000 	C:\Program Files\Java\jdk-11.0.4\bin\api-ms-win-crt-utility-l1-1-0.dll
0x000007fee9db0000 - 0x000007feea8d7000 	C:\Program Files\Java\jdk-11.0.4\bin\server\jvm.dll
0x000007fef26b0000 - 0x000007fef26b9000 	C:\Windows\system32\WSOCK32.dll
0x000007fefe1a0000 - 0x000007fefe1ed000 	C:\Windows\system32\WS2_32.dll
0x000007feff7f0000 - 0x000007feff7f8000 	C:\Windows\system32\NSI.dll
0x000007fef9fd0000 - 0x000007fefa00b000 	C:\Windows\system32\WINMM.dll
0x0000000077750000 - 0x0000000077757000 	C:\Windows\system32\PSAPI.DLL
0x000007fef2560000 - 0x000007fef2571000 	C:\Program Files\Java\jdk-11.0.4\bin\verify.dll
0x000007fef2d00000 - 0x000007fef2e25000 	C:\Windows\system32\DBGHELP.DLL
0x000007fef11f0000 - 0x000007fef1219000 	C:\Program Files\Java\jdk-11.0.4\bin\java.dll
0x000007fef2540000 - 0x000007fef2556000 	C:\Program Files\Java\jdk-11.0.4\bin\zip.dll
0x000007fef2590000 - 0x000007fef259a000 	C:\Program Files\Java\jdk-11.0.4\bin\jimage.dll
0x000007fef1f20000 - 0x000007fef1f39000 	C:\Program Files\Java\jdk-11.0.4\bin\net.dll
0x000007fef6e70000 - 0x000007fef6ee1000 	C:\Windows\system32\WINHTTP.dll
0x000007fef6e00000 - 0x000007fef6e64000 	C:\Windows\system32\webio.dll
0x000007fefd950000 - 0x000007fefdac8000 	C:\Windows\system32\urlmon.dll
0x000007fefe840000 - 0x000007fefe96a000 	C:\Windows\system32\WININET.dll
0x000007fefe500000 - 0x000007fefe759000 	C:\Windows\system32\iertutil.dll
0x000007fefe760000 - 0x000007fefe837000 	C:\Windows\system32\OLEAUT32.dll
0x000007fefd650000 - 0x000007fefd7b7000 	C:\Windows\system32\CRYPT32.dll
0x000007fefd580000 - 0x000007fefd58f000 	C:\Windows\system32\MSASN1.dll
0x000007fefcd50000 - 0x000007fefcda5000 	C:\Windows\system32\mswsock.dll
0x000007fefcd40000 - 0x000007fefcd47000 	C:\Windows\System32\wship6.dll
0x000007fef0af0000 - 0x000007fef0b03000 	C:\Program Files\Java\jdk-11.0.4\bin\nio.dll
0x000007fef11e0000 - 0x000007fef11ed000 	C:\Program Files\Java\jdk-11.0.4\bin\sunmscapi.dll
0x000007fefcf30000 - 0x000007fefcf7e000 	C:\Windows\system32\ncrypt.dll
0x000007fefcf00000 - 0x000007fefcf22000 	C:\Windows\system32\bcrypt.dll
0x000007fef07e0000 - 0x000007fef0807000 	C:\Program Files\Java\jdk-11.0.4\bin\sunec.dll
0x000007fefcdb0000 - 0x000007fefcdc7000 	C:\Windows\system32\CRYPTSP.dll
0x000007fefcab0000 - 0x000007fefcaf7000 	C:\Windows\system32\rsaenh.dll
0x000007fefd410000 - 0x000007fefd41f000 	C:\Windows\system32\CRYPTBASE.dll
0x000007fefc520000 - 0x000007fefc547000 	C:\Windows\system32\IPHLPAPI.DLL
0x000007fefc510000 - 0x000007fefc51b000 	C:\Windows\system32\WINNSI.DLL
0x000007fefc470000 - 0x000007fefc488000 	C:\Windows\system32\dhcpcsvc.DLL
0x000007fefab60000 - 0x000007fefab71000 	C:\Windows\system32\dhcpcsvc6.DLL
0x000007fefbad0000 - 0x000007fefbad7000 	C:\Windows\System32\wshtcpip.dll
0x000007fefcbd0000 - 0x000007fefcc2b000 	C:\Windows\system32\DNSAPI.dll
0x000007fef6480000 - 0x000007fef6488000 	C:\Windows\system32\rasadhlp.dll
0x000007fefad00000 - 0x000007fefad53000 	C:\Windows\System32\fwpuclnt.dll

dbghelp: loaded successfully - version: 4.0.5 - missing functions: none
symbol engine: initialized successfully - sym options: 0x614 - pdb path: .;C:\Program Files\Java\jdk-11.0.4\bin;C:\Windows\SYSTEM32;C:\Windows\WinSxS\amd64_microsoft.windows.common-controls_6595b64144ccf1df_6.0.7601.17514_none_fa396087175ac9ac;C:\Windows\AppPatch\AppPatch64;C:\Program Files\Java\jdk-11.0.4\bin\server

VM Arguments:
jvm_args: -Dfile.encoding=Cp1252 
java_command: RestAssured.RestApiDemo
java_class_path (initial): C:\Users\sony\eclipse-workspace\RestAssured\target\test-classes;C:\Users\sony\eclipse-workspace\RestAssured\target\classes;C:\Users\sony\.m2\repository\io\rest-assured\rest-assured\4.3.0\rest-assured-4.3.0.jar;C:\Users\sony\.m2\repository\org\codehaus\groovy\groovy\3.0.2\groovy-3.0.2.jar;C:\Users\sony\.m2\repository\org\codehaus\groovy\groovy-xml\3.0.2\groovy-xml-3.0.2.jar;C:\Users\sony\.m2\repository\org\apache\httpcomponents\httpclient\4.5.3\httpclient-4.5.3.jar;C:\Users\sony\.m2\repository\org\apache\httpcomponents\httpcore\4.4.6\httpcore-4.4.6.jar;C:\Users\sony\.m2\repository\commons-logging\commons-logging\1.2\commons-logging-1.2.jar;C:\Users\sony\.m2\repository\commons-codec\commons-codec\1.9\commons-codec-1.9.jar;C:\Users\sony\.m2\repository\org\apache\httpcomponents\httpmime\4.5.3\httpmime-4.5.3.jar;C:\Users\sony\.m2\repository\org\hamcrest\hamcrest\2.1\hamcrest-2.1.jar;C:\Users\sony\.m2\repository\org\ccil\cowan\tagsoup\tagsoup\1.2.1\tagsoup-1.2.1.jar;C:\Users\sony\.m2\repository\io\rest-assured\json-path\4.3.0\json-path-4.3.0.jar;C:\Users\sony\.m2\repository\org\codehaus\groovy\groovy-json\3.0.2\groovy-json-3.0.2.jar;C:\Users\sony\.m2\repository\io\rest-assured\rest-assured-common\4.3.0\rest-assured-common-4.3.0.jar;C:\Users\sony\.m2\repository\io\rest-assured\xml-path\4.3.0\xml-path-4.3.0.jar;C:\Users\sony\.m2\repository\org\apache\commons\commons-lang3\3.4\commons-lang3-3.4.jar;C:\Users\sony\.m2\repository\jakarta\xml\bind\jakarta.xml.bind-api\2.3.2\jakarta.xml.bind-api-2.3.2.jar;C:\Users\sony\.m2\repository\jakarta\activation\jakarta.activation-api\1.2.1\jakarta.activation-api-1.2.1.jar;C:\Users\sony\.m2\repository\com\sun\xml\bind\jaxb-osgi\2.3.0.1\jaxb-osgi-2.3.0.1.jar;C:\Users\sony\.m2\repository\org\apache\sling\org.apache.sling.javax.activation\0.1.0\org.apache.sling.javax.activation-0.1.0.jar;C:\Users\sony\.m2\repository\javax\activation\activation\1.1.1\activation-1.1.1.jar
Launcher Type: SUN_STANDARD

[Global flags]
     intx CICompilerCount                          = 2                                         {product} {ergonomic}
     uint ConcGCThreads                            = 1                                         {product} {ergonomic}
     uint G1ConcRefinementThreads                  = 2                                         {product} {ergonomic}
   size_t G1HeapRegionSize                         = 1048576                                   {product} {ergonomic}
    uintx GCDrainStackTargetSize                   = 64                                        {product} {ergonomic}
   size_t InitialHeapSize                          = 67108864                                  {product} {ergonomic}
   size_t MarkStackSize                            = 4194304                                   {product} {ergonomic}
   size_t MaxHeapSize                              = 1071644672                                {product} {ergonomic}
   size_t MaxNewSize                               = 642777088                                 {product} {ergonomic}
   size_t MinHeapDeltaBytes                        = 1048576                                   {product} {ergonomic}
    uintx NonNMethodCodeHeapSize                   = 5824844                                {pd product} {ergonomic}
    uintx NonProfiledCodeHeapSize                  = 122916698                              {pd product} {ergonomic}
    uintx ProfiledCodeHeapSize                     = 122916698                              {pd product} {ergonomic}
    uintx ReservedCodeCacheSize                    = 251658240                              {pd product} {ergonomic}
     bool SegmentedCodeCache                       = true                                      {product} {ergonomic}
     bool UseCompressedClassPointers               = true                                 {lp64_product} {ergonomic}
     bool UseCompressedOops                        = true                                 {lp64_product} {ergonomic}
     bool UseG1GC                                  = true                                      {product} {ergonomic}
     bool UseLargePagesIndividualAllocation        = false                                  {pd product} {ergonomic}

Logging:
Log output configuration:
 #0: stdout all=warning uptime,level,tags
 #1: stderr all=off uptime,level,tags

Environment Variables:
CLASSPATH=C:\Program Files\Java\jdk-11.0.4\bin;C:\Program Files\Java\jre1.8.0_221\bin;.
PATH=C:/Program Files/Java/jre1.8.0_241/bin/server;C:/Program Files/Java/jre1.8.0_241/bin;C:/Program Files/Java/jre1.8.0_241/lib/amd64;C:\Program Files (x86)\Common Files\Oracle\Java\javapath;C:\Program Files\Java\jdk-11.0.4\bin;C:\Program Files\Git\cmd;C:\Users\sony\Desktop;
USERNAME=sony
OS=Windows_NT
PROCESSOR_IDENTIFIER=Intel64 Family 6 Model 15 Stepping 13, GenuineIntel



---------------  S Y S T E M  ---------------

OS: Windows 7 , 64 bit Build 7601 (6.1.7601.17617)

CPU:total 2 (initial active 2) (2 cores per cpu, 1 threads per core) family 6 model 15 stepping 13, cmov, cx8, fxsr, mmx, sse, sse2, sse3, ssse3, tsc

Memory: 4k page, system-wide physical 4086M (717M free)
TotalPageFile size 8170M (AvailPageFile size 3129M)
current process WorkingSet (physical memory assigned to process): 164M, peak: 164M
current process commit charge ("private bytes"): 238M, peak: 239M

vm_info: Java HotSpot(TM) 64-Bit Server VM (11.0.4+10-LTS) for windows-amd64 JRE (11.0.4+10-LTS), built on Jul  4 2019 16:28:13 by "mach5one" with MS VC++ 15.5 (VS2017)

END.
